Symbol range map extraction starting
Processing 64 files
startProcessing "manmaed\cutepuppymod\CutePuppyMod.java" md5: 0694f6554811fdb716331a65764940d9
endProcessing "manmaed\cutepuppymod\CutePuppyMod.java"

startProcessing "manmaed\cutepuppymod\achievements\Achievements.java" md5: e65078654861ad7d00f5689f11ac30d7
Cache Hit!
endProcessing "manmaed\cutepuppymod\achievements\Achievements.java"

startProcessing "manmaed\cutepuppymod\block\CPMBlocks.java" md5: 78bc5aac1ceb429179fc9f174c61635b
Cache Hit!
endProcessing "manmaed\cutepuppymod\block\CPMBlocks.java"

startProcessing "manmaed\cutepuppymod\client\render\entity\RenderBluePuppy.java" md5: d44959ae1bc2f1a4900d64e508bcaab8
Cache Hit!
endProcessing "manmaed\cutepuppymod\client\render\entity\RenderBluePuppy.java"

startProcessing "manmaed\cutepuppymod\client\render\entity\RenderEnderPuppy.java" md5: f289ba9488824b180407e2f28668e787
Cache Hit!
endProcessing "manmaed\cutepuppymod\client\render\entity\RenderEnderPuppy.java"

startProcessing "manmaed\cutepuppymod\client\render\entity\RenderHerobrinePuppy.java" md5: ade868499fc794184048e9d912409b69
Cache Hit!
endProcessing "manmaed\cutepuppymod\client\render\entity\RenderHerobrinePuppy.java"

startProcessing "manmaed\cutepuppymod\client\render\entity\RenderPuppy.java" md5: a3dc9027429f251481a2f5bdece5d5ee
Cache Hit!
endProcessing "manmaed\cutepuppymod\client\render\entity\RenderPuppy.java"

startProcessing "manmaed\cutepuppymod\client\render\entity\RenderPurplePuppy.java" md5: 5248780fd0502883d4fb9456ecd46272
Cache Hit!
endProcessing "manmaed\cutepuppymod\client\render\entity\RenderPurplePuppy.java"

startProcessing "manmaed\cutepuppymod\client\render\entity\RenderRedPuppy.java" md5: bed23e099961268c637c9256ed372dd4
Cache Hit!
endProcessing "manmaed\cutepuppymod\client\render\entity\RenderRedPuppy.java"

startProcessing "manmaed\cutepuppymod\client\render\entity\RenderSixPuppy.java" md5: b0fadd81c4e6df1e33528bf792ea7971
Cache Hit!
endProcessing "manmaed\cutepuppymod\client\render\entity\RenderSixPuppy.java"

startProcessing "manmaed\cutepuppymod\client\render\entity\RenderStevePuppy.java" md5: a1963671442a2ce1259480b1faca3412
Cache Hit!
endProcessing "manmaed\cutepuppymod\client\render\entity\RenderStevePuppy.java"

startProcessing "manmaed\cutepuppymod\client\render\entity\RenderYellowPuppy.java" md5: 765ed6f1ba8f2391fc6bab67dba93537
Cache Hit!
endProcessing "manmaed\cutepuppymod\client\render\entity\RenderYellowPuppy.java"

startProcessing "manmaed\cutepuppymod\client\render\model\ModelBanHammer.java" md5: 3fb1d8fd974c377d1bbdb31978a26f53
Cache Hit!
endProcessing "manmaed\cutepuppymod\client\render\model\ModelBanHammer.java"

startProcessing "manmaed\cutepuppymod\client\render\model\ModelPuppy.java" md5: 500d2799ee404e8336da5f37080e5935
Cache Hit!
endProcessing "manmaed\cutepuppymod\client\render\model\ModelPuppy.java"

startProcessing "manmaed\cutepuppymod\client\render\model\ModelPuppyHolder.java" md5: 601f1a376c5f62948a44023bc29917ac
Cache Hit!
endProcessing "manmaed\cutepuppymod\client\render\model\ModelPuppyHolder.java"

startProcessing "manmaed\cutepuppymod\client\render\model\ModelRedPuppy.java" md5: d27454ec1591a7777f29953dcf722c66
Cache Hit!
endProcessing "manmaed\cutepuppymod\client\render\model\ModelRedPuppy.java"

startProcessing "manmaed\cutepuppymod\client\render\model\ModelSixPuppy.java" md5: babf94f0d5a8268c640b62d9f7a4e9e1
Cache Hit!
endProcessing "manmaed\cutepuppymod\client\render\model\ModelSixPuppy.java"

startProcessing "manmaed\cutepuppymod\client\render\peoples\PuppyList.java" md5: fc85573872589b03a3cc929d6e24ac9e
Cache Hit!
endProcessing "manmaed\cutepuppymod\client\render\peoples\PuppyList.java"

startProcessing "manmaed\cutepuppymod\creativetab\CPMCreativeTab.java" md5: 83eee82a92b2d5a429257d3ba8ec96c9
Cache Hit!
endProcessing "manmaed\cutepuppymod\creativetab\CPMCreativeTab.java"

startProcessing "manmaed\cutepuppymod\entity\CPMEntitys.java" md5: a2bf90780b1f391dca21c97edaddbde4
endProcessing "manmaed\cutepuppymod\entity\CPMEntitys.java"

startProcessing "manmaed\cutepuppymod\entity\EntityBluePuppy.java" md5: f8ce70b2c4f08b0626d9cc6ec8c3b29f
endProcessing "manmaed\cutepuppymod\entity\EntityBluePuppy.java"

startProcessing "manmaed\cutepuppymod\entity\EntityEnderPuppy.java" md5: 4a0f98b94441ca6fbe7706a2a010c1ec
endProcessing "manmaed\cutepuppymod\entity\EntityEnderPuppy.java"

startProcessing "manmaed\cutepuppymod\entity\EntityHerobrinePuppy.java" md5: 894d82236b8ab4493fdfcaba1de784c9
endProcessing "manmaed\cutepuppymod\entity\EntityHerobrinePuppy.java"

startProcessing "manmaed\cutepuppymod\entity\EntityPuppy.java" md5: 8069130a887562216f44164a8956458a
endProcessing "manmaed\cutepuppymod\entity\EntityPuppy.java"

startProcessing "manmaed\cutepuppymod\entity\EntityPurplePuppy.java" md5: 120f881cb7f03424ed51b3259163d64e
endProcessing "manmaed\cutepuppymod\entity\EntityPurplePuppy.java"

startProcessing "manmaed\cutepuppymod\entity\EntityRedPuppy.java" md5: 091e5aafb776304cbc7ee2c576df3d2a
endProcessing "manmaed\cutepuppymod\entity\EntityRedPuppy.java"

startProcessing "manmaed\cutepuppymod\entity\EntitySixPuppy.java" md5: be983284c03df81ac75353504fad60d5
endProcessing "manmaed\cutepuppymod\entity\EntitySixPuppy.java"

startProcessing "manmaed\cutepuppymod\entity\EntityStevePuppy.java" md5: b05cfe8a8dcc6490354a0a23ca25f124
endProcessing "manmaed\cutepuppymod\entity\EntityStevePuppy.java"

startProcessing "manmaed\cutepuppymod\entity\EntityYellowPuppy.java" md5: 6fa1dd424d9b7efef1d8581d6429be5d
endProcessing "manmaed\cutepuppymod\entity\EntityYellowPuppy.java"

startProcessing "manmaed\cutepuppymod\items\CPMItems.java" md5: 6bbde237859e3f293200a69f9b011a68
Cache Hit!
endProcessing "manmaed\cutepuppymod\items\CPMItems.java"

startProcessing "manmaed\cutepuppymod\items\ItemTab.java" md5: 86a79150a702896613b5370b6e542818
Cache Hit!
endProcessing "manmaed\cutepuppymod\items\ItemTab.java"

startProcessing "manmaed\cutepuppymod\items\puppydrops\BanHammer.java" md5: d7a9c8a8dd911be3995ad26c2d13f56e
Cache Hit!
endProcessing "manmaed\cutepuppymod\items\puppydrops\BanHammer.java"

startProcessing "manmaed\cutepuppymod\items\puppydrops\BluePuppyCore.java" md5: dd8b17b6a921244f1eaa9d19d42d45fc
Cache Hit!
endProcessing "manmaed\cutepuppymod\items\puppydrops\BluePuppyCore.java"

startProcessing "manmaed\cutepuppymod\items\puppydrops\EnderCore.java" md5: 9625ba14d0e54103dbf41eac45ba0158
Cache Hit!
endProcessing "manmaed\cutepuppymod\items\puppydrops\EnderCore.java"

startProcessing "manmaed\cutepuppymod\items\puppydrops\GreenPuppyCore.java" md5: 480727e9cc9482d592169327e79b07b6
Cache Hit!
endProcessing "manmaed\cutepuppymod\items\puppydrops\GreenPuppyCore.java"

startProcessing "manmaed\cutepuppymod\items\puppydrops\PurplePuppyCore.java" md5: 58210b7edd740fb4b66715f6ab4c202f
Cache Hit!
endProcessing "manmaed\cutepuppymod\items\puppydrops\PurplePuppyCore.java"

startProcessing "manmaed\cutepuppymod\items\puppydrops\RedPuppyCore.java" md5: e4cb48499af644fe611261db0fc491c6
Cache Hit!
endProcessing "manmaed\cutepuppymod\items\puppydrops\RedPuppyCore.java"

startProcessing "manmaed\cutepuppymod\items\puppydrops\YellowPuppyCore.java" md5: 33d4012e6d89c6960b14825558ab371a
Cache Hit!
endProcessing "manmaed\cutepuppymod\items\puppydrops\YellowPuppyCore.java"

startProcessing "manmaed\cutepuppymod\items\spawneggs\SpawnBluePuppy.java" md5: baf8afe1f2b5bf79856b07912c10deee
Cache Hit!
endProcessing "manmaed\cutepuppymod\items\spawneggs\SpawnBluePuppy.java"

startProcessing "manmaed\cutepuppymod\items\spawneggs\SpawnEnderPuppy.java" md5: bd02f6e6c5acc536dfb3cdb245063b54
Cache Hit!
endProcessing "manmaed\cutepuppymod\items\spawneggs\SpawnEnderPuppy.java"

startProcessing "manmaed\cutepuppymod\items\spawneggs\SpawnGreenPuppy.java" md5: 2a464bdea1ff012a75cf7f2506c2aed7
Cache Hit!
endProcessing "manmaed\cutepuppymod\items\spawneggs\SpawnGreenPuppy.java"

startProcessing "manmaed\cutepuppymod\items\spawneggs\SpawnHerobrinePuppy.java" md5: 0df7437b9cb80fb452852115ef683627
Cache Hit!
endProcessing "manmaed\cutepuppymod\items\spawneggs\SpawnHerobrinePuppy.java"

startProcessing "manmaed\cutepuppymod\items\spawneggs\SpawnPurplePuppy.java" md5: d093912b8a470bd14eebd9f8ce94a44d
Cache Hit!
endProcessing "manmaed\cutepuppymod\items\spawneggs\SpawnPurplePuppy.java"

startProcessing "manmaed\cutepuppymod\items\spawneggs\SpawnRedPuppy.java" md5: bbd7dc6d2b44001dd8b8f8214af2d5f8
Cache Hit!
endProcessing "manmaed\cutepuppymod\items\spawneggs\SpawnRedPuppy.java"

startProcessing "manmaed\cutepuppymod\items\spawneggs\SpawnSixPuppy.java" md5: 1ad1b323f90c498c51e604a8096e566d
Cache Hit!
endProcessing "manmaed\cutepuppymod\items\spawneggs\SpawnSixPuppy.java"

startProcessing "manmaed\cutepuppymod\items\spawneggs\SpawnStevePuppy.java" md5: 33fe3383949f4bbfa1135a3f879c7ce2
Cache Hit!
endProcessing "manmaed\cutepuppymod\items\spawneggs\SpawnStevePuppy.java"

startProcessing "manmaed\cutepuppymod\items\spawneggs\SpawnYellowPuppy.java" md5: db0ad9648f3e70f0922c1157f1df80ef
Cache Hit!
endProcessing "manmaed\cutepuppymod\items\spawneggs\SpawnYellowPuppy.java"

startProcessing "manmaed\cutepuppymod\items\swords\BluePuppySword.java" md5: 195fb0ae90d3b8d6d7852e508d19b922
Cache Hit!
endProcessing "manmaed\cutepuppymod\items\swords\BluePuppySword.java"

startProcessing "manmaed\cutepuppymod\items\swords\FreddysMic.java" md5: 0cb99198e4bd78cfad30ed3002dcb305
Cache Hit!
endProcessing "manmaed\cutepuppymod\items\swords\FreddysMic.java"

startProcessing "manmaed\cutepuppymod\items\swords\GreenPuppySword.java" md5: bd7bb01aa6ea82649c93271522107d26
Cache Hit!
endProcessing "manmaed\cutepuppymod\items\swords\GreenPuppySword.java"

startProcessing "manmaed\cutepuppymod\items\swords\PurplePuppySword.java" md5: 46a0ef3c79c172fb1e3959ab0f6ca5fd
Cache Hit!
endProcessing "manmaed\cutepuppymod\items\swords\PurplePuppySword.java"

startProcessing "manmaed\cutepuppymod\items\swords\RedPuppySword.java" md5: c5f000b1309dfa100ec53a53fe536317
Cache Hit!
endProcessing "manmaed\cutepuppymod\items\swords\RedPuppySword.java"

startProcessing "manmaed\cutepuppymod\items\swords\YellowPuppySword.java" md5: f3803803cd6d23b4fdae78476f6464a8
Cache Hit!
endProcessing "manmaed\cutepuppymod\items\swords\YellowPuppySword.java"

startProcessing "manmaed\cutepuppymod\libs\LogHelper.java" md5: 01c90684c9f8874e5f22af072f42bdd0
Cache Hit!
endProcessing "manmaed\cutepuppymod\libs\LogHelper.java"

startProcessing "manmaed\cutepuppymod\libs\Reference.java" md5: 8c7067f6ecd2fe727e4ed777c81c218c
endProcessing "manmaed\cutepuppymod\libs\Reference.java"

startProcessing "manmaed\cutepuppymod\libs\Textures.java" md5: 9e95728b5479daa0a88ddec1b4f13947
Cache Hit!
endProcessing "manmaed\cutepuppymod\libs\Textures.java"

startProcessing "manmaed\cutepuppymod\libs\util\CraftingHandler.java" md5: cc4e9054db240c39f841efe3d8184f49
Cache Hit!
endProcessing "manmaed\cutepuppymod\libs\util\CraftingHandler.java"

startProcessing "manmaed\cutepuppymod\libs\util\EntityHelper.java" md5: cc3a42d8672d880212d5e7525f45b515
Cache Hit!
endProcessing "manmaed\cutepuppymod\libs\util\EntityHelper.java"

startProcessing "manmaed\cutepuppymod\libs\util\RecipeHandler.java" md5: a639aee2146bf37515a94e44b5369d28
Cache Hit!
endProcessing "manmaed\cutepuppymod\libs\util\RecipeHandler.java"

startProcessing "manmaed\cutepuppymod\libs\util\RegistryHelper.java" md5: ab17f89d609297e84554743430d89a79
Cache Hit!
endProcessing "manmaed\cutepuppymod\libs\util\RegistryHelper.java"

startProcessing "manmaed\cutepuppymod\libs\util\ResourceLocationHelper.java" md5: 06489df0037b1028d40ac21fa2ae5c26
Cache Hit!
endProcessing "manmaed\cutepuppymod\libs\util\ResourceLocationHelper.java"

startProcessing "manmaed\cutepuppymod\libs\util\SimpleConfig.java" md5: e1fdc1f43f60436d770d8126605b075c
Cache Hit!
endProcessing "manmaed\cutepuppymod\libs\util\SimpleConfig.java"

startProcessing "manmaed\cutepuppymod\proxy\ClientProxy.java" md5: ec7b389d753fe42bd34950b01388c746
Cache Hit!
endProcessing "manmaed\cutepuppymod\proxy\ClientProxy.java"

startProcessing "manmaed\cutepuppymod\proxy\CommonProxy.java" md5: 0281fe14ec2d610c5572c95ae51f0ee1
Cache Hit!
endProcessing "manmaed\cutepuppymod\proxy\CommonProxy.java"

